<?xml version="1.0" encoding="UTF-8"?>
<!-- Generated by org.testng.reporters.JUnitXMLReporter -->
<testsuite ignored="3" hostname="DESKTOP-LNAFOEG" failures="0" tests="1" name="Default test" time="7.787" errors="0" timestamp="2024-03-29T07:21:49 IST">
  <testcase classname="com.quafox.tests.Login" name="verifyLoginWithValidCredentials" time="1.357"/>
  <testcase classname="com.quafox.tests.Login" name="verifyLoginWithInvalidPassword" time="0.0">
    <ignored/>
  </testcase> <!-- verifyLoginWithInvalidPassword -->
  <testcase classname="com.quafox.tests.Login" name="verifyLoginWithInvalidCredentials" time="0.0">
    <ignored/>
  </testcase> <!-- verifyLoginWithInvalidCredentials -->
  <testcase classname="com.quafox.tests.Login" name="verifyLoginWithInvalidUsername" time="0.0">
    <ignored/>
  </testcase> <!-- verifyLoginWithInvalidUsername -->
</testsuite> <!-- Default test -->
