<?xml version="1.0" encoding="UTF-8"?>
<!-- Generated by org.testng.reporters.JUnitXMLReporter -->
<testsuite ignored="0" hostname="DESKTOP-LNAFOEG" failures="0" tests="4" name="Test" time="47.987" errors="0" timestamp="2024-04-02T06:55:44 IST">
  <testcase classname="com.quafox.tests.LoginTest" name="verifyLoginWithValidCredentials" time="1.903"/>
  <testcase classname="com.quafox.tests.LoginTest" name="verifyLoginWithInvalidCredentials" time="11.722"/>
  <testcase classname="com.quafox.tests.LoginTest" name="verifyLoginWithInvalidUsername" time="1.345"/>
  <testcase classname="com.quafox.tests.LoginTest" name="verifyLoginWithInvalidPassword" time="1.506"/>
</testsuite> <!-- Test -->
