<?xml version="1.0" encoding="UTF-8"?>
<testng-results ignored="0" total="4" passed="4" failed="0" skipped="0">
  <reporter-output>
  </reporter-output>
  <suite started-at="2024-06-23T07:05:53 IST" name="Default suite" finished-at="2024-06-23T07:05:53 IST" duration-ms="135">
    <groups>
    </groups>
    <test started-at="2024-06-23T07:05:53 IST" name="Default test" finished-at="2024-06-23T07:05:53 IST" duration-ms="135">
      <class name="com.quafox.tests.TestNGDemo">
        <test-method signature="T()[pri:0, instance:com.quafox.tests.TestNGDemo@54c5a2ff]" started-at="2024-06-23T07:05:53 IST" name="T" finished-at="2024-06-23T07:05:53 IST" duration-ms="18" status="PASS">
          <reporter-output>
          </reporter-output>
        </test-method> <!-- T -->
        <test-method signature="F()[pri:1, instance:com.quafox.tests.TestNGDemo@54c5a2ff]" started-at="2024-06-23T07:05:53 IST" name="F" finished-at="2024-06-23T07:05:53 IST" duration-ms="5" status="PASS">
          <reporter-output>
          </reporter-output>
        </test-method> <!-- F -->
        <test-method signature="B()[pri:2, instance:com.quafox.tests.TestNGDemo@54c5a2ff]" started-at="2024-06-23T07:05:53 IST" name="B" finished-at="2024-06-23T07:05:53 IST" duration-ms="2" status="PASS">
          <reporter-output>
          </reporter-output>
        </test-method> <!-- B -->
        <test-method signature="A()[pri:3, instance:com.quafox.tests.TestNGDemo@54c5a2ff]" started-at="2024-06-23T07:05:53 IST" name="A" finished-at="2024-06-23T07:05:53 IST" duration-ms="2" status="PASS">
          <reporter-output>
          </reporter-output>
        </test-method> <!-- A -->
      </class> <!-- com.quafox.tests.TestNGDemo -->
    </test> <!-- Default test -->
  </suite> <!-- Default suite -->
</testng-results>
